t0041
t0041
t0041
t0041
t0041
t0041
t0041
t0041
t0041
t0041

Modules based on Lua: Version 8.5.8  2021-06-30 14:16 -05:00
    by Robert McLay mclay@tacc.utexas.edu

module [options] sub-command [args ...]

Help sub-commands:
------------------
  help                              prints this message
  help                module [...]  print help message from module(s)

Loading/Unloading sub-commands:
-------------------------------
  load | add          module [...]  load module(s)
  try-load | try-add  module [...]  Add module(s), do not complain if not
                                    found
  del | unload        module [...]  Remove module(s), do not complain if not
                                    found
  swap | sw | switch  m1 m2         unload m1 and load m2
  purge                             unload all modules
  refresh                           reload aliases from current list of
                                    modules.
  update                            reload all currently loaded modules.

Listing / Searching sub-commands:
---------------------------------
  list                              List loaded modules
  list                s1 s2 ...     List loaded modules that match the
                                    pattern
  avail | av                        List available modules
  avail | av          string        List available modules that contain
                                    "string".
  spider                            List all possible modules
  spider              module        List all possible version of that module
                                    file
  spider              string        List all module that contain the
                                    "string".
  spider              name/version  Detailed information about that version
                                    of the module.
  whatis              module        Print whatis information about module
  keyword | key       string        Search all name and whatis that contain
                                    "string".

Searching with Lmod:
--------------------
  All searching (spider, list, avail, keyword) support regular expressions:
  

  -r spider           '^p'          Finds all the modules that start with
                                    `p' or `P'
  -r spider           mpi           Finds all modules that have "mpi" in
                                    their name.
  -r spider           'mpi$         Finds all modules that end with "mpi" in
                                    their name.

Handling a collection of modules:
--------------------------------
  save | s                          Save the current list of modules to a
                                    user defined "default" collection.
  save | s            name          Save the current list of modules to
                                    "name" collection.
  reset                             The same as "restore system"
  restore | r                       Restore modules from the user's
                                    "default" or system default.
  restore | r         name          Restore modules from "name" collection.
  restore             system        Restore module state to system defaults.
  savelist                          List of saved collections.
  describe | mcc      name          Describe the contents of a module
                                    collection.
  disable             name          Disable (i.e. remove) a collection.

Deprecated commands:
--------------------
  getdefault          [name]        load name collection of modules or
                                    user's "default" if no name given.
                                    ===> Use "restore" instead <====
  setdefault          [name]        Save current list of modules to name if
                                    given, otherwise save as the default
                                    list for you the user.
                                    ===> Use "save" instead. <====

Miscellaneous sub-commands:
---------------------------
  is-loaded           modulefile    return a true status if module is loaded
  is-avail            modulefile    return a true status if module can be
                                    loaded
  show                modulefile    show the commands in the module file.
  use [-a]            path          Prepend or Append path to MODULEPATH.
  unuse               path          remove path from MODULEPATH.
  tablelist                         output list of active modules as a lua
                                    table.

Important Environment Variables:
--------------------------------
  LMOD_COLORIZE                     If defined to be "YES" then Lmod prints
                                    properties and warning in color.

    --------------------------------------------------------------------------

Lmod Web Sites

  Documentation:    http://lmod.readthedocs.org
  GitHub:           https://github.com/TACC/Lmod
  SourceForge:      https://lmod.sf.net
  TACC Homepage:    https://www.tacc.utexas.edu/research-development/tacc-projects/lmod

  To report a bug please read http://lmod.readthedocs.io/en/latest/075_bug_reporting.html
    --------------------------------------------------------------------------


INFO:root:Number of training samples: 3768
INFO:root:Number of test samples: 766
/net/people/plgrid/plggabcza/.local/lib/python3.9/site-packages/torchvision/models/_utils.py:208: UserWarning: The parameter 'pretrained' is deprecated since 0.13 and may be removed in the future, please use 'weights' instead.
  warnings.warn(
/net/people/plgrid/plggabcza/.local/lib/python3.9/site-packages/torchvision/models/_utils.py:223: UserWarning: Arguments other than a weight enum or `None` for 'weights' are deprecated since 0.13 and may be removed in the future. The current behavior is equivalent to passing `weights=None`.
  warnings.warn(msg)
Starting Fold 1/5
Epoch 1
Train Loss: 0.1473
Validation AUC: 0.8448
Best model saved with AUC: 0.8448
Epoch 2
Train Loss: 0.1025
Validation AUC: 0.9266
Best model saved with AUC: 0.9266
Epoch 3
Train Loss: 0.0537
Validation AUC: 0.9711
Best model saved with AUC: 0.9711
Epoch 4
Train Loss: 0.0268
Validation AUC: 0.9870
Best model saved with AUC: 0.9870
Epoch 5
Train Loss: 0.0123
Validation AUC: 0.9849
Epoch 6
Train Loss: 0.0083
Validation AUC: 0.9918
Best model saved with AUC: 0.9918
Epoch 7
Train Loss: 0.0059
Validation AUC: 0.9933
Best model saved with AUC: 0.9933
Epoch 8
Train Loss: 0.0036
Validation AUC: 0.9941
Best model saved with AUC: 0.9941
Epoch 9
Train Loss: 0.0036
Validation AUC: 0.9947
Best model saved with AUC: 0.9947
Epoch 10
Train Loss: 0.0034
Validation AUC: 0.9960
Best model saved with AUC: 0.9960
Epoch 11
Train Loss: 0.0034
Validation AUC: 0.9955
Epoch 12
Train Loss: 0.0042
Validation AUC: 0.9804
Epoch 13
Train Loss: 0.0031
Validation AUC: 0.9953
Epoch 14
Train Loss: 0.0021
Validation AUC: 0.9969
Best model saved with AUC: 0.9969
Epoch 15
Train Loss: 0.0019
Validation AUC: 0.9935
Epoch 16
Train Loss: 0.0017
Validation AUC: 0.9944
Epoch 17
Train Loss: 0.0024
Validation AUC: 0.9970
Best model saved with AUC: 0.9970
Epoch 18
Train Loss: 0.0030
Validation AUC: 0.9962
Epoch 19
Train Loss: 0.0030
Validation AUC: 0.9975
Best model saved with AUC: 0.9975
Epoch 20
Train Loss: 0.0013
Validation AUC: 0.9977
Best model saved with AUC: 0.9977
Epoch 21
Train Loss: 0.0018
Validation AUC: 0.9969
Epoch 22
Train Loss: 0.0019
Validation AUC: 0.9971
Epoch 23
Train Loss: 0.0019
Validation AUC: 0.9946
Epoch 24
Train Loss: 0.0025
Validation AUC: 0.9908
Early stopping triggered.
Starting Fold 2/5
Epoch 1
Train Loss: 0.0088
Validation AUC: 1.0000
Best model saved with AUC: 1.0000
Epoch 2
Train Loss: 0.0039
Validation AUC: 1.0000
Epoch 3
Train Loss: 0.0024
Validation AUC: 1.0000
Epoch 4
Train Loss: 0.0026
Validation AUC: 1.0000
Epoch 5
Train Loss: 0.0016
Validation AUC: 1.0000
Early stopping triggered.
Starting Fold 3/5
Epoch 1
Train Loss: 0.0023
Validation AUC: 1.0000
Best model saved with AUC: 1.0000
Epoch 2
Train Loss: 0.0015
Validation AUC: 1.0000
Epoch 3
Train Loss: 0.0013
Validation AUC: 1.0000
Epoch 4
Train Loss: 0.0016
Validation AUC: 1.0000
Epoch 5
Train Loss: 0.0012
Validation AUC: 1.0000
Early stopping triggered.
Starting Fold 4/5
Epoch 1
Train Loss: 0.0005
Validation AUC: 1.0000
Best model saved with AUC: 1.0000
Epoch 2
Train Loss: 0.0008
Validation AUC: 1.0000
Epoch 3
Train Loss: 0.0009
Validation AUC: 1.0000
Epoch 4
Train Loss: 0.0015
Validation AUC: 1.0000
Epoch 5
Train Loss: 0.0017
Validation AUC: 1.0000
Early stopping triggered.
Starting Fold 5/5
Epoch 1
Train Loss: 0.0017
Validation AUC: 1.0000
Best model saved with AUC: 1.0000
Epoch 2
Train Loss: 0.0016
Validation AUC: 1.0000
Epoch 3
Train Loss: 0.0011
Validation AUC: 1.0000
Epoch 4
Train Loss: 0.0008
Validation AUC: 1.0000
Epoch 5
Train Loss: 0.0007
Validation AUC: 1.0000
Early stopping triggered.
Training completed.
Loading best model for Fold 1...
Loading best model for Fold 2...
Loading best model for Fold 3...
Loading best model for Fold 4...
Loading best model for Fold 5...
=== Test Results ===
Test Set AUC: 0.6629
Certainty (Standard Deviation) across folds: 0.08440052717924118
INFO:root:Number of training samples: 3768
INFO:root:Number of test samples: 766
/net/people/plgrid/plggabcza/.local/lib/python3.9/site-packages/torchvision/models/_utils.py:208: UserWarning: The parameter 'pretrained' is deprecated since 0.13 and may be removed in the future, please use 'weights' instead.
  warnings.warn(
/net/people/plgrid/plggabcza/.local/lib/python3.9/site-packages/torchvision/models/_utils.py:223: UserWarning: Arguments other than a weight enum or `None` for 'weights' are deprecated since 0.13 and may be removed in the future. The current behavior is equivalent to passing `weights=None`.
  warnings.warn(msg)
Starting Fold 1/5
Epoch 1
Train Loss: 0.1138
Validation AUC: 0.8155
Best model saved with AUC: 0.8155
Epoch 2
Train Loss: 0.0771
Validation AUC: 0.9232
Best model saved with AUC: 0.9232
Epoch 3
Train Loss: 0.0423
Validation AUC: 0.9715
Best model saved with AUC: 0.9715
Epoch 4
Train Loss: 0.0194
Validation AUC: 0.9828
Best model saved with AUC: 0.9828
Epoch 5
Train Loss: 0.0088
Validation AUC: 0.9872
Best model saved with AUC: 0.9872
Epoch 6
Train Loss: 0.0061
Validation AUC: 0.9885
Best model saved with AUC: 0.9885
Epoch 7
Train Loss: 0.0049
Validation AUC: 0.9880
Epoch 8
Train Loss: 0.0030
Validation AUC: 0.9913
Best model saved with AUC: 0.9913
Epoch 9
Train Loss: 0.0031
Validation AUC: 0.9860
Epoch 10
Train Loss: 0.0039
Validation AUC: 0.9915
Best model saved with AUC: 0.9915
Epoch 11
Train Loss: 0.0027
Validation AUC: 0.9931
Best model saved with AUC: 0.9931
Epoch 12
Train Loss: 0.0014
Validation AUC: 0.9922
Epoch 13
Train Loss: 0.0025
Validation AUC: 0.9938
Best model saved with AUC: 0.9938
Epoch 14
Train Loss: 0.0023
Validation AUC: 0.9955
Best model saved with AUC: 0.9955
Epoch 15
Train Loss: 0.0022
Validation AUC: 0.9922
Epoch 16
Train Loss: 0.0016
Validation AUC: 0.9920
Epoch 17
Train Loss: 0.0020
Validation AUC: 0.9955
Epoch 18
Train Loss: 0.0013
Validation AUC: 0.9926
Early stopping triggered.
Starting Fold 2/5
Epoch 1
Train Loss: 0.0079
Validation AUC: 0.9995
Best model saved with AUC: 0.9995
Epoch 2
Train Loss: 0.0033
Validation AUC: 1.0000
Best model saved with AUC: 1.0000
Epoch 3
Train Loss: 0.0020
Validation AUC: 1.0000
Epoch 4
Train Loss: 0.0021
Validation AUC: 1.0000
Epoch 5
Train Loss: 0.0013
Validation AUC: 1.0000
Epoch 6
Train Loss: 0.0017
Validation AUC: 1.0000
Early stopping triggered.
Starting Fold 3/5
Epoch 1
Train Loss: 0.0016
Validation AUC: 1.0000
Best model saved with AUC: 1.0000
Epoch 2
Train Loss: 0.0014
Validation AUC: 1.0000
Epoch 3
Train Loss: 0.0010
Validation AUC: 1.0000
Epoch 4
Train Loss: 0.0009
Validation AUC: 1.0000
Epoch 5
Train Loss: 0.0019
Validation AUC: 1.0000
Early stopping triggered.
Starting Fold 4/5
Epoch 1
Train Loss: 0.0009
Validation AUC: 1.0000
Best model saved with AUC: 1.0000
Epoch 2
Train Loss: 0.0013
Validation AUC: 1.0000
Epoch 3
Train Loss: 0.0008
Validation AUC: 1.0000
Epoch 4
Train Loss: 0.0024
Validation AUC: 1.0000
Epoch 5
Train Loss: 0.0015
Validation AUC: 1.0000
Early stopping triggered.
Starting Fold 5/5
Epoch 1
Train Loss: 0.0013
Validation AUC: 1.0000
Best model saved with AUC: 1.0000
Epoch 2
Train Loss: 0.0007
Validation AUC: 1.0000
Epoch 3
Train Loss: 0.0005
Validation AUC: 1.0000
Epoch 4
Train Loss: 0.0007
Validation AUC: 1.0000
Epoch 5
Train Loss: 0.0012
Validation AUC: 1.0000
Early stopping triggered.
Training completed.
Loading best model for Fold 1...
Loading best model for Fold 2...
Loading best model for Fold 3...
Loading best model for Fold 4...
Loading best model for Fold 5...
=== Test Results ===
Test Set AUC: 0.7025
Certainty (Standard Deviation) across folds: 0.08107073605060577
INFO:root:Number of training samples: 3768
INFO:root:Number of test samples: 766
/net/people/plgrid/plggabcza/.local/lib/python3.9/site-packages/torchvision/models/_utils.py:208: UserWarning: The parameter 'pretrained' is deprecated since 0.13 and may be removed in the future, please use 'weights' instead.
  warnings.warn(
/net/people/plgrid/plggabcza/.local/lib/python3.9/site-packages/torchvision/models/_utils.py:223: UserWarning: Arguments other than a weight enum or `None` for 'weights' are deprecated since 0.13 and may be removed in the future. The current behavior is equivalent to passing `weights=None`.
  warnings.warn(msg)
Starting Fold 1/5
Epoch 1
Train Loss: 0.0598
Validation AUC: 0.8270
Best model saved with AUC: 0.8270
Epoch 2
Train Loss: 0.0378
Validation AUC: 0.9138
Best model saved with AUC: 0.9138
Epoch 3
Train Loss: 0.0203
Validation AUC: 0.9583
Best model saved with AUC: 0.9583
Epoch 4
Train Loss: 0.0092
Validation AUC: 0.9738
Best model saved with AUC: 0.9738
Epoch 5
Train Loss: 0.0050
Validation AUC: 0.9804
Best model saved with AUC: 0.9804
Epoch 6
Train Loss: 0.0033
Validation AUC: 0.9861
Best model saved with AUC: 0.9861
Epoch 7
Train Loss: 0.0025
Validation AUC: 0.9861
Best model saved with AUC: 0.9861
Epoch 8
Train Loss: 0.0016
Validation AUC: 0.9890
Best model saved with AUC: 0.9890
Epoch 9
Train Loss: 0.0015
Validation AUC: 0.9878
Epoch 10
Train Loss: 0.0010
Validation AUC: 0.9902
Best model saved with AUC: 0.9902
Epoch 11
Train Loss: 0.0008
Validation AUC: 0.9897
Epoch 12
Train Loss: 0.0009
Validation AUC: 0.9934
Best model saved with AUC: 0.9934
Epoch 13
Train Loss: 0.0008
Validation AUC: 0.9850
Epoch 14
Train Loss: 0.0011
Validation AUC: 0.9922
Epoch 15
Train Loss: 0.0005
Validation AUC: 0.9928
Epoch 16
Train Loss: 0.0012
Validation AUC: 0.9906
Early stopping triggered.
Starting Fold 2/5
Epoch 1
Train Loss: 0.0063
Validation AUC: 1.0000
Best model saved with AUC: 1.0000
Epoch 2
Train Loss: 0.0019
Validation AUC: 1.0000
Epoch 3
Train Loss: 0.0010
Validation AUC: 1.0000
Epoch 4
Train Loss: 0.0010
Validation AUC: 1.0000
Epoch 5
Train Loss: 0.0006
Validation AUC: 1.0000
Early stopping triggered.
Starting Fold 3/5
Epoch 1
Train Loss: 0.0011
Validation AUC: 1.0000
Best model saved with AUC: 1.0000
Epoch 2
Train Loss: 0.0006
Validation AUC: 1.0000
Epoch 3
Train Loss: 0.0011
Validation AUC: 1.0000
Epoch 4
Train Loss: 0.0005
Validation AUC: 1.0000
Epoch 5
Train Loss: 0.0010
Validation AUC: 1.0000
Early stopping triggered.
Starting Fold 4/5
Epoch 1
Train Loss: 0.0009
Validation AUC: 1.0000
Best model saved with AUC: 1.0000
Epoch 2
Train Loss: 0.0009
Validation AUC: 1.0000
Best model saved with AUC: 1.0000
Epoch 3
Train Loss: 0.0013
Validation AUC: 0.9999
Epoch 4
Train Loss: 0.0015
Validation AUC: 1.0000
Epoch 5
Train Loss: 0.0005
Validation AUC: 1.0000
Epoch 6
Train Loss: 0.0003
Validation AUC: 1.0000
Early stopping triggered.
Starting Fold 5/5
Epoch 1
Train Loss: 0.0007
Validation AUC: 1.0000
Best model saved with AUC: 1.0000
Epoch 2
Train Loss: 0.0004
Validation AUC: 1.0000
Epoch 3
Train Loss: 0.0003
Validation AUC: 1.0000
Epoch 4
Train Loss: 0.0003
Validation AUC: 1.0000
Epoch 5
Train Loss: 0.0003
Validation AUC: 1.0000
Early stopping triggered.
Training completed.
Loading best model for Fold 1...
Loading best model for Fold 2...
Loading best model for Fold 3...
Loading best model for Fold 4...
Loading best model for Fold 5...
=== Test Results ===
Test Set AUC: 0.7011
Certainty (Standard Deviation) across folds: 0.06759501248598099
INFO:root:Number of training samples: 3768
INFO:root:Number of test samples: 766
/net/people/plgrid/plggabcza/.local/lib/python3.9/site-packages/torchvision/models/_utils.py:208: UserWarning: The parameter 'pretrained' is deprecated since 0.13 and may be removed in the future, please use 'weights' instead.
  warnings.warn(
/net/people/plgrid/plggabcza/.local/lib/python3.9/site-packages/torchvision/models/_utils.py:223: UserWarning: Arguments other than a weight enum or `None` for 'weights' are deprecated since 0.13 and may be removed in the future. The current behavior is equivalent to passing `weights=None`.
  warnings.warn(msg)
Starting Fold 1/5
Epoch 1
Train Loss: 0.0163
Validation AUC: 0.8333
Best model saved with AUC: 0.8333
Epoch 2
Train Loss: 0.0086
Validation AUC: 0.9042
Best model saved with AUC: 0.9042
Epoch 3
Train Loss: 0.0046
Validation AUC: 0.9458
Best model saved with AUC: 0.9458
Epoch 4
Train Loss: 0.0025
Validation AUC: 0.9667
Best model saved with AUC: 0.9667
Epoch 5
Train Loss: 0.0012
Validation AUC: 0.9740
Best model saved with AUC: 0.9740
Epoch 6
Train Loss: 0.0008
Validation AUC: 0.9788
Best model saved with AUC: 0.9788
Epoch 7
Train Loss: 0.0010
Validation AUC: 0.9334
Epoch 8
Train Loss: 0.0009
Validation AUC: 0.9842
Best model saved with AUC: 0.9842
Epoch 9
Train Loss: 0.0003
Validation AUC: 0.9861
Best model saved with AUC: 0.9861
Epoch 10
Train Loss: 0.0002
Validation AUC: 0.9864
Best model saved with AUC: 0.9864
Epoch 11
Train Loss: 0.0006
Validation AUC: 0.9731
Epoch 12
Train Loss: 0.0003
Validation AUC: 0.9924
Best model saved with AUC: 0.9924
Epoch 13
Train Loss: 0.0002
Validation AUC: 0.9912
Epoch 14
Train Loss: 0.0002
Validation AUC: 0.9912
Epoch 15
Train Loss: 0.0001
Validation AUC: 0.9919
Epoch 16
Train Loss: 0.0002
Validation AUC: 0.9784
Early stopping triggered.
Starting Fold 2/5
Epoch 1
Train Loss: 0.0013
Validation AUC: 1.0000
Best model saved with AUC: 1.0000
Epoch 2
Train Loss: 0.0006
Validation AUC: 1.0000
Best model saved with AUC: 1.0000
Epoch 3
Train Loss: 0.0004
Validation AUC: 0.9997
Epoch 4
Train Loss: 0.0002
Validation AUC: 1.0000
Best model saved with AUC: 1.0000
Epoch 5
Train Loss: 0.0003
Validation AUC: 1.0000
Epoch 6
Train Loss: 0.0002
Validation AUC: 1.0000
Epoch 7
Train Loss: 0.0002
Validation AUC: 1.0000
Epoch 8
Train Loss: 0.0003
Validation AUC: 1.0000
Early stopping triggered.
Starting Fold 3/5
Epoch 1
Train Loss: 0.0003
Validation AUC: 1.0000
Best model saved with AUC: 1.0000
Epoch 2
Train Loss: 0.0003
Validation AUC: 0.9994
Epoch 3
Train Loss: 0.0002
Validation AUC: 1.0000
Epoch 4
Train Loss: 0.0003
Validation AUC: 1.0000
Epoch 5
Train Loss: 0.0002
Validation AUC: 1.0000
Early stopping triggered.
Starting Fold 4/5
Epoch 1
Train Loss: 0.0001
Validation AUC: 1.0000
Best model saved with AUC: 1.0000
Epoch 2
Train Loss: 0.0004
Validation AUC: 1.0000
Epoch 3
Train Loss: 0.0002
Validation AUC: 1.0000
Epoch 4
Train Loss: 0.0001
Validation AUC: 1.0000
Epoch 5
Train Loss: 0.0001
Validation AUC: 1.0000
Early stopping triggered.
Starting Fold 5/5
Epoch 1
Train Loss: 0.0000
Validation AUC: 1.0000
Best model saved with AUC: 1.0000
Epoch 2
Train Loss: 0.0002
Validation AUC: 1.0000
Epoch 3
Train Loss: 0.0006
Validation AUC: 1.0000
Epoch 4
Train Loss: 0.0003
Validation AUC: 1.0000
Epoch 5
Train Loss: 0.0002
Validation AUC: 1.0000
Early stopping triggered.
Training completed.
Loading best model for Fold 1...
Loading best model for Fold 2...
Loading best model for Fold 3...
Loading best model for Fold 4...
Loading best model for Fold 5...
=== Test Results ===
Test Set AUC: 0.7092
Certainty (Standard Deviation) across folds: 0.04471641033887863
